<?xml version="1.0" encoding="UTF-8"?>
<!-- Generated by org.testng.reporters.JUnitXMLReporter -->
<testsuite ignored="0" hostname="LAPTOP-QA82II2O" failures="1" tests="1" name="Test" time="84.547" errors="0" timestamp="2023-02-15T16:14:04 IST">
  <testcase classname="moviesearch.testcases.Validate" name="getMovieInfoFromImdbTest" time="38.7">
    <failure type="java.lang.Error" message="Unresolved compilation problem: 
	Syntax error, insert &amp;quot;;&amp;quot; to complete Statement
">
      <![CDATA[java.lang.Error: Unresolved compilation problem: 
Syntax error, insert ";" to complete Statement

at moviesearch.testcases.Validate.compareDate(Validate.java:65)
at moviesearch.testcases.Validate.getMovieInfoFromImdbTest(Validate.java:50)
at java.base/java.util.ArrayList.forEach(ArrayList.java:1511)
... Removed 27 stack frames]]>
    </failure>
  </testcase> <!-- getMovieInfoFromImdbTest -->
</testsuite> <!-- Test -->
