<?xml version="1.0" encoding="UTF-8"?>
<!-- Generated by org.testng.reporters.JUnitXMLReporter -->
<testsuite ignored="0" hostname="LAPTOP-QA82II2O" failures="4" tests="5" name="Test" time="263.589" errors="0" timestamp="2023-02-16T19:30:38 IST">
  <testcase classname="moviesearch.testcases.Validate" name="checkMovieDetailsPositiveCase" time="46.694"/>
  <testcase classname="moviesearch.testcases.Validate" name="checkMovieDetailsPositiveCase" time="42.44">
    <failure type="java.lang.AssertionError" message="Release dates are not equal expected [2015-07-10] but found [2015-07-09]">
      <![CDATA[java.lang.AssertionError: Release dates are not equal expected [2015-07-10] but found [2015-07-09]
at moviesearch.testcases.Validate.checkMovieDetailsPositiveCase(Validate.java:46)
at java.base/java.util.ArrayList.forEach(ArrayList.java:1541)
... Removed 36 stack frames]]>
    </failure>
  </testcase> <!-- checkMovieDetailsPositiveCase -->
  <testcase classname="moviesearch.testcases.Validate" name="checkMovieDetailsPositiveCase" time="40.7">
    <failure type="java.lang.AssertionError" message="Release dates are not equal expected [2022-04-14] but found [2022-04-13]">
      <![CDATA[java.lang.AssertionError: Release dates are not equal expected [2022-04-14] but found [2022-04-13]
at moviesearch.testcases.Validate.checkMovieDetailsPositiveCase(Validate.java:46)
at java.base/java.util.ArrayList.forEach(ArrayList.java:1541)
... Removed 36 stack frames]]>
    </failure>
  </testcase> <!-- checkMovieDetailsPositiveCase -->
  <testcase classname="moviesearch.testcases.Validate" name="checkMovieDetailsPositiveCase" time="50.123">
    <failure type="java.lang.AssertionError" message="Release dates are not equal expected [2021-12-17] but found [2015-07-09]">
      <![CDATA[java.lang.AssertionError: Release dates are not equal expected [2021-12-17] but found [2015-07-09]
at moviesearch.testcases.Validate.checkMovieDetailsPositiveCase(Validate.java:46)
at java.base/java.util.ArrayList.forEach(ArrayList.java:1541)
... Removed 36 stack frames]]>
    </failure>
  </testcase> <!-- checkMovieDetailsPositiveCase -->
  <testcase classname="moviesearch.testcases.Validate" name="checkMovieDetailsPositiveCase" time="42.903">
    <failure type="java.lang.AssertionError" message="Release dates are not equal expected [2015-07-10] but found [2021-12-17]">
      <![CDATA[java.lang.AssertionError: Release dates are not equal expected [2015-07-10] but found [2021-12-17]
at moviesearch.testcases.Validate.checkMovieDetailsPositiveCase(Validate.java:46)
at java.base/java.util.ArrayList.forEach(ArrayList.java:1541)
... Removed 36 stack frames]]>
    </failure>
  </testcase> <!-- checkMovieDetailsPositiveCase -->
</testsuite> <!-- Test -->
