<?xml version="1.0" encoding="UTF-8"?>
<testsuite xmlns:xsi="http://www.w3.org/2001/XMLSchema-instance" xsi:noNamespaceSchemaLocation="https://maven.apache.org/surefire/maven-surefire-plugin/xsd/surefire-test-report-3.0.xsd" version="3.0" name="TestSuite" time="265.299" tests="5" errors="0" skipped="0" failures="4">
  <properties>
[...]
</properties>
  <testcase name="checkMovieDetailsPositiveCase[Pushpa: The Rise, Pushpa: The Rise](1)" classname="moviesearch.testcases.Validate" time="46.7">
    <system-out><![CDATA[Loading the properties fileC:\Users\brahm\Desktop\TestVagrant\src\main\java\moviesearch\config\confi.properties
number of the rows in excel5
number of the columns2
movie names are :Pushpa: The Rise
movie names are :Pushpa: The Rise
movie names are :Baahubali: The beginning
movie names are :Baahubali: The beginning
movie names are :K.G.F: Chapter 2
movie names are :K.G.F: Chapter 2
movie names are :Baahubali: The beginning
movie names are :Pushpa: The Rise
movie names are :Pushpa: The Rise
movie names are :Baahubali: The beginning
Initializing driver
browser initailization
browser name : chrome
chrome driver instantiation
launching url :https://www.imdb.com/
Loading the properties fileC:\Users\brahm\Desktop\TestVagrant\src\main\java\moviesearch\config\confi.properties
Loading the properties fileC:\Users\brahm\Desktop\TestVagrant\src\main\java\moviesearch\config\confi.properties
URL Name:https://www.imdb.com/
Entering the movie Name :Pushpa: The Rise
Searchin Movie NamePushpa: The Rise
movie list name in the searching page  :Pushpa: The Rise - Part 1
Pushpa: The Rise contained in Pushpa: The Rise - Part 1
Scrolling to Detail Section
original country from imdb page :India
relase date from imdb page :December 17, 2021 (United States)
fetched the origin country Value from imdb :India
fetched the release date from imdb :India
Navigating to url:https://en.wikipedia.org/
searchng movie name in the wiki:Pushpa: The Rise
movie list values Pushpa: The Rise
release date from the wikipage : 17 December 2021
fetched the release date from wiki :17 December 2021
country from the wikipage : India
fetched the country from wiki :India
release date after convertion into proper format from wiki:2021-12-17
release date after convertion into proper format from imdb:2021-12-17
]]></system-out>
    <system-err><![CDATA[SLF4J: No SLF4J providers were found.
SLF4J: Defaulting to no-operation (NOP) logger implementation
SLF4J: See https://www.slf4j.org/codes.html#noProviders for further details.
Starting ChromeDriver 109.0.5414.74 (e7c5703604daa9cc128ccf5a5d3e993513758913-refs/branch-heads/5414@{#1172}) on port 34599
Only local connections are allowed.
Please see https://chromedriver.chromium.org/security-considerations for suggestions on keeping ChromeDriver safe.
ChromeDriver was started successfully.
]]></system-err>
  </testcase>
  <testcase name="checkMovieDetailsPositiveCase[Baahubali: The beginning, Baahubali: The beginning](2)" classname="moviesearch.testcases.Validate" time="42.469">
    <failure message="Release dates are not equal expected [2015-07-10] but found [2015-07-09]" type="java.lang.AssertionError"><![CDATA[java.lang.AssertionError: Release dates are not equal expected [2015-07-10] but found [2015-07-09]
	at org.testng.Assert.fail(Assert.java:110)
	at org.testng.Assert.failNotEquals(Assert.java:1577)
	at org.testng.Assert.assertEqualsImpl(Assert.java:149)
	at org.testng.Assert.assertEquals(Assert.java:131)
	at org.testng.Assert.assertEquals(Assert.java:655)
	at moviesearch.testcases.Validate.checkMovieDetailsPositiveCase(Validate.java:46)
	at java.base/jdk.internal.reflect.NativeMethodAccessorImpl.invoke0(Native Method)
	at java.base/jdk.internal.reflect.NativeMethodAccessorImpl.invoke(NativeMethodAccessorImpl.java:62)
	at java.base/jdk.internal.reflect.DelegatingMethodAccessorImpl.invoke(DelegatingMethodAccessorImpl.java:43)
	at java.base/java.lang.reflect.Method.invoke(Method.java:566)
	at org.testng.internal.invokers.MethodInvocationHelper.invokeMethod(MethodInvocationHelper.java:139)
	at org.testng.internal.invokers.TestInvoker.invokeMethod(TestInvoker.java:677)
	at org.testng.internal.invokers.TestInvoker.invokeTestMethod(TestInvoker.java:221)
	at org.testng.internal.invokers.MethodRunner.runInSequence(MethodRunner.java:50)
	at org.testng.internal.invokers.TestInvoker$MethodInvocationAgent.invoke(TestInvoker.java:969)
	at org.testng.internal.invokers.TestInvoker.invokeTestMethods(TestInvoker.java:194)
	at org.testng.internal.invokers.TestMethodWorker.invokeTestMethods(TestMethodWorker.java:148)
	at org.testng.internal.invokers.TestMethodWorker.run(TestMethodWorker.java:128)
	at java.base/java.util.ArrayList.forEach(ArrayList.java:1541)
	at org.testng.TestRunner.privateRun(TestRunner.java:829)
	at org.testng.TestRunner.run(TestRunner.java:602)
	at org.testng.SuiteRunner.runTest(SuiteRunner.java:437)
	at org.testng.SuiteRunner.runSequentially(SuiteRunner.java:431)
	at org.testng.SuiteRunner.privateRun(SuiteRunner.java:391)
	at org.testng.SuiteRunner.run(SuiteRunner.java:330)
	at org.testng.SuiteRunnerWorker.runSuite(SuiteRunnerWorker.java:52)
	at org.testng.SuiteRunnerWorker.run(SuiteRunnerWorker.java:95)
	at org.testng.TestNG.runSuitesSequentially(TestNG.java:1256)
	at org.testng.TestNG.runSuitesLocally(TestNG.java:1176)
	at org.testng.TestNG.runSuites(TestNG.java:1099)
	at org.testng.TestNG.run(TestNG.java:1067)
	at org.apache.maven.surefire.testng.TestNGExecutor.run(TestNGExecutor.java:324)
	at org.apache.maven.surefire.testng.TestNGXmlTestSuite.execute(TestNGXmlTestSuite.java:74)
	at org.apache.maven.surefire.testng.TestNGProvider.invoke(TestNGProvider.java:123)
	at org.apache.maven.surefire.booter.ForkedBooter.runSuitesInProcess(ForkedBooter.java:456)
	at org.apache.maven.surefire.booter.ForkedBooter.execute(ForkedBooter.java:169)
	at org.apache.maven.surefire.booter.ForkedBooter.run(ForkedBooter.java:595)
	at org.apache.maven.surefire.booter.ForkedBooter.main(ForkedBooter.java:581)
]]></failure>
    <system-out><![CDATA[closing driver
Initializing driver
browser initailization
browser name : chrome
chrome driver instantiation
launching url :https://www.imdb.com/
Loading the properties fileC:\Users\brahm\Desktop\TestVagrant\src\main\java\moviesearch\config\confi.properties
Loading the properties fileC:\Users\brahm\Desktop\TestVagrant\src\main\java\moviesearch\config\confi.properties
URL Name:https://www.imdb.com/
Entering the movie Name :Baahubali: The beginning
Searchin Movie NameBaahubali: The beginning
movie list name in the searching page  :Baahubali: The Beginning
Baahubali: The beginning contained in Baahubali: The Beginning
Scrolling to Detail Section
original country from imdb page :India
relase date from imdb page :July 9, 2015 (United States)
fetched the origin country Value from imdb :India
fetched the release date from imdb :India
Navigating to url:https://en.wikipedia.org/
searchng movie name in the wiki:Baahubali: The beginning
movie list values Baahubali: The Beginning
release date from the wikipage : 10 July 2015
fetched the release date from wiki :10 July 2015
country from the wikipage : India
fetched the country from wiki :India
release date after convertion into proper format from wiki:2015-07-10
release date after convertion into proper format from imdb:2015-07-09
]]></system-out>
    <system-err><![CDATA[Starting ChromeDriver 109.0.5414.74 (e7c5703604daa9cc128ccf5a5d3e993513758913-refs/branch-heads/5414@{#1172}) on port 16205
Only local connections are allowed.
Please see https://chromedriver.chromium.org/security-considerations for suggestions on keeping ChromeDriver safe.
ChromeDriver was started successfully.
]]></system-err>
  </testcase>
  <testcase name="checkMovieDetailsPositiveCase[K.G.F: Chapter 2, K.G.F: Chapter 2](3)" classname="moviesearch.testcases.Validate" time="40.705">
    <failure message="Release dates are not equal expected [2022-04-14] but found [2022-04-13]" type="java.lang.AssertionError"><![CDATA[java.lang.AssertionError: Release dates are not equal expected [2022-04-14] but found [2022-04-13]
	at org.testng.Assert.fail(Assert.java:110)
	at org.testng.Assert.failNotEquals(Assert.java:1577)
	at org.testng.Assert.assertEqualsImpl(Assert.java:149)
	at org.testng.Assert.assertEquals(Assert.java:131)
	at org.testng.Assert.assertEquals(Assert.java:655)
	at moviesearch.testcases.Validate.checkMovieDetailsPositiveCase(Validate.java:46)
	at java.base/jdk.internal.reflect.NativeMethodAccessorImpl.invoke0(Native Method)
	at java.base/jdk.internal.reflect.NativeMethodAccessorImpl.invoke(NativeMethodAccessorImpl.java:62)
	at java.base/jdk.internal.reflect.DelegatingMethodAccessorImpl.invoke(DelegatingMethodAccessorImpl.java:43)
	at java.base/java.lang.reflect.Method.invoke(Method.java:566)
	at org.testng.internal.invokers.MethodInvocationHelper.invokeMethod(MethodInvocationHelper.java:139)
	at org.testng.internal.invokers.TestInvoker.invokeMethod(TestInvoker.java:677)
	at org.testng.internal.invokers.TestInvoker.invokeTestMethod(TestInvoker.java:221)
	at org.testng.internal.invokers.MethodRunner.runInSequence(MethodRunner.java:50)
	at org.testng.internal.invokers.TestInvoker$MethodInvocationAgent.invoke(TestInvoker.java:969)
	at org.testng.internal.invokers.TestInvoker.invokeTestMethods(TestInvoker.java:194)
	at org.testng.internal.invokers.TestMethodWorker.invokeTestMethods(TestMethodWorker.java:148)
	at org.testng.internal.invokers.TestMethodWorker.run(TestMethodWorker.java:128)
	at java.base/java.util.ArrayList.forEach(ArrayList.java:1541)
	at org.testng.TestRunner.privateRun(TestRunner.java:829)
	at org.testng.TestRunner.run(TestRunner.java:602)
	at org.testng.SuiteRunner.runTest(SuiteRunner.java:437)
	at org.testng.SuiteRunner.runSequentially(SuiteRunner.java:431)
	at org.testng.SuiteRunner.privateRun(SuiteRunner.java:391)
	at org.testng.SuiteRunner.run(SuiteRunner.java:330)
	at org.testng.SuiteRunnerWorker.runSuite(SuiteRunnerWorker.java:52)
	at org.testng.SuiteRunnerWorker.run(SuiteRunnerWorker.java:95)
	at org.testng.TestNG.runSuitesSequentially(TestNG.java:1256)
	at org.testng.TestNG.runSuitesLocally(TestNG.java:1176)
	at org.testng.TestNG.runSuites(TestNG.java:1099)
	at org.testng.TestNG.run(TestNG.java:1067)
	at org.apache.maven.surefire.testng.TestNGExecutor.run(TestNGExecutor.java:324)
	at org.apache.maven.surefire.testng.TestNGXmlTestSuite.execute(TestNGXmlTestSuite.java:74)
	at org.apache.maven.surefire.testng.TestNGProvider.invoke(TestNGProvider.java:123)
	at org.apache.maven.surefire.booter.ForkedBooter.runSuitesInProcess(ForkedBooter.java:456)
	at org.apache.maven.surefire.booter.ForkedBooter.execute(ForkedBooter.java:169)
	at org.apache.maven.surefire.booter.ForkedBooter.run(ForkedBooter.java:595)
	at org.apache.maven.surefire.booter.ForkedBooter.main(ForkedBooter.java:581)
]]></failure>
    <system-out><![CDATA[closing driver
Initializing driver
browser initailization
browser name : chrome
chrome driver instantiation
launching url :https://www.imdb.com/
Loading the properties fileC:\Users\brahm\Desktop\TestVagrant\src\main\java\moviesearch\config\confi.properties
Loading the properties fileC:\Users\brahm\Desktop\TestVagrant\src\main\java\moviesearch\config\confi.properties
URL Name:https://www.imdb.com/
Entering the movie Name :K.G.F: Chapter 2
Searchin Movie NameK.G.F: Chapter 2
movie list name in the searching page  :K.G.F: Chapter 2
K.G.F: Chapter 2 contained in K.G.F: Chapter 2
Scrolling to Detail Section
original country from imdb page :India
relase date from imdb page :April 13, 2022 (United States)
fetched the origin country Value from imdb :India
fetched the release date from imdb :India
Navigating to url:https://en.wikipedia.org/
searchng movie name in the wiki:K.G.F: Chapter 2
movie list values K.G.F: Chapter 2
release date from the wikipage : 14 April 2022
fetched the release date from wiki :14 April 2022
country from the wikipage : India
fetched the country from wiki :India
release date after convertion into proper format from wiki:2022-04-14
release date after convertion into proper format from imdb:2022-04-13
]]></system-out>
    <system-err><![CDATA[Starting ChromeDriver 109.0.5414.74 (e7c5703604daa9cc128ccf5a5d3e993513758913-refs/branch-heads/5414@{#1172}) on port 15750
Only local connections are allowed.
Please see https://chromedriver.chromium.org/security-considerations for suggestions on keeping ChromeDriver safe.
ChromeDriver was started successfully.
]]></system-err>
  </testcase>
  <testcase name="checkMovieDetailsPositiveCase[Baahubali: The beginning, Pushpa: The Rise](4)" classname="moviesearch.testcases.Validate" time="50.126">
    <failure message="Release dates are not equal expected [2021-12-17] but found [2015-07-09]" type="java.lang.AssertionError"><![CDATA[java.lang.AssertionError: Release dates are not equal expected [2021-12-17] but found [2015-07-09]
	at org.testng.Assert.fail(Assert.java:110)
	at org.testng.Assert.failNotEquals(Assert.java:1577)
	at org.testng.Assert.assertEqualsImpl(Assert.java:149)
	at org.testng.Assert.assertEquals(Assert.java:131)
	at org.testng.Assert.assertEquals(Assert.java:655)
	at moviesearch.testcases.Validate.checkMovieDetailsPositiveCase(Validate.java:46)
	at java.base/jdk.internal.reflect.NativeMethodAccessorImpl.invoke0(Native Method)
	at java.base/jdk.internal.reflect.NativeMethodAccessorImpl.invoke(NativeMethodAccessorImpl.java:62)
	at java.base/jdk.internal.reflect.DelegatingMethodAccessorImpl.invoke(DelegatingMethodAccessorImpl.java:43)
	at java.base/java.lang.reflect.Method.invoke(Method.java:566)
	at org.testng.internal.invokers.MethodInvocationHelper.invokeMethod(MethodInvocationHelper.java:139)
	at org.testng.internal.invokers.TestInvoker.invokeMethod(TestInvoker.java:677)
	at org.testng.internal.invokers.TestInvoker.invokeTestMethod(TestInvoker.java:221)
	at org.testng.internal.invokers.MethodRunner.runInSequence(MethodRunner.java:50)
	at org.testng.internal.invokers.TestInvoker$MethodInvocationAgent.invoke(TestInvoker.java:969)
	at org.testng.internal.invokers.TestInvoker.invokeTestMethods(TestInvoker.java:194)
	at org.testng.internal.invokers.TestMethodWorker.invokeTestMethods(TestMethodWorker.java:148)
	at org.testng.internal.invokers.TestMethodWorker.run(TestMethodWorker.java:128)
	at java.base/java.util.ArrayList.forEach(ArrayList.java:1541)
	at org.testng.TestRunner.privateRun(TestRunner.java:829)
	at org.testng.TestRunner.run(TestRunner.java:602)
	at org.testng.SuiteRunner.runTest(SuiteRunner.java:437)
	at org.testng.SuiteRunner.runSequentially(SuiteRunner.java:431)
	at org.testng.SuiteRunner.privateRun(SuiteRunner.java:391)
	at org.testng.SuiteRunner.run(SuiteRunner.java:330)
	at org.testng.SuiteRunnerWorker.runSuite(SuiteRunnerWorker.java:52)
	at org.testng.SuiteRunnerWorker.run(SuiteRunnerWorker.java:95)
	at org.testng.TestNG.runSuitesSequentially(TestNG.java:1256)
	at org.testng.TestNG.runSuitesLocally(TestNG.java:1176)
	at org.testng.TestNG.runSuites(TestNG.java:1099)
	at org.testng.TestNG.run(TestNG.java:1067)
	at org.apache.maven.surefire.testng.TestNGExecutor.run(TestNGExecutor.java:324)
	at org.apache.maven.surefire.testng.TestNGXmlTestSuite.execute(TestNGXmlTestSuite.java:74)
	at org.apache.maven.surefire.testng.TestNGProvider.invoke(TestNGProvider.java:123)
	at org.apache.maven.surefire.booter.ForkedBooter.runSuitesInProcess(ForkedBooter.java:456)
	at org.apache.maven.surefire.booter.ForkedBooter.execute(ForkedBooter.java:169)
	at org.apache.maven.surefire.booter.ForkedBooter.run(ForkedBooter.java:595)
	at org.apache.maven.surefire.booter.ForkedBooter.main(ForkedBooter.java:581)
]]></failure>
    <system-out><![CDATA[closing driver
Initializing driver
browser initailization
browser name : chrome
chrome driver instantiation
launching url :https://www.imdb.com/
Loading the properties fileC:\Users\brahm\Desktop\TestVagrant\src\main\java\moviesearch\config\confi.properties
Loading the properties fileC:\Users\brahm\Desktop\TestVagrant\src\main\java\moviesearch\config\confi.properties
URL Name:https://www.imdb.com/
Entering the movie Name :Baahubali: The beginning
Searchin Movie NameBaahubali: The beginning
movie list name in the searching page  :Baahubali: The Beginning
Baahubali: The beginning contained in Baahubali: The Beginning
Scrolling to Detail Section
original country from imdb page :India
relase date from imdb page :July 9, 2015 (United States)
fetched the origin country Value from imdb :India
fetched the release date from imdb :India
Navigating to url:https://en.wikipedia.org/
searchng movie name in the wiki:Pushpa: The Rise
movie list values Pushpa: The Rise
release date from the wikipage : 17 December 2021
fetched the release date from wiki :17 December 2021
country from the wikipage : India
fetched the country from wiki :India
release date after convertion into proper format from wiki:2021-12-17
release date after convertion into proper format from imdb:2015-07-09
]]></system-out>
    <system-err><![CDATA[Starting ChromeDriver 109.0.5414.74 (e7c5703604daa9cc128ccf5a5d3e993513758913-refs/branch-heads/5414@{#1172}) on port 28296
Only local connections are allowed.
Please see https://chromedriver.chromium.org/security-considerations for suggestions on keeping ChromeDriver safe.
ChromeDriver was started successfully.
]]></system-err>
  </testcase>
  <testcase name="checkMovieDetailsPositiveCase[Pushpa: The Rise, Baahubali: The beginning](5)" classname="moviesearch.testcases.Validate" time="42.922">
    <failure message="Release dates are not equal expected [2015-07-10] but found [2021-12-17]" type="java.lang.AssertionError"><![CDATA[java.lang.AssertionError: Release dates are not equal expected [2015-07-10] but found [2021-12-17]
	at org.testng.Assert.fail(Assert.java:110)
	at org.testng.Assert.failNotEquals(Assert.java:1577)
	at org.testng.Assert.assertEqualsImpl(Assert.java:149)
	at org.testng.Assert.assertEquals(Assert.java:131)
	at org.testng.Assert.assertEquals(Assert.java:655)
	at moviesearch.testcases.Validate.checkMovieDetailsPositiveCase(Validate.java:46)
	at java.base/jdk.internal.reflect.NativeMethodAccessorImpl.invoke0(Native Method)
	at java.base/jdk.internal.reflect.NativeMethodAccessorImpl.invoke(NativeMethodAccessorImpl.java:62)
	at java.base/jdk.internal.reflect.DelegatingMethodAccessorImpl.invoke(DelegatingMethodAccessorImpl.java:43)
	at java.base/java.lang.reflect.Method.invoke(Method.java:566)
	at org.testng.internal.invokers.MethodInvocationHelper.invokeMethod(MethodInvocationHelper.java:139)
	at org.testng.internal.invokers.TestInvoker.invokeMethod(TestInvoker.java:677)
	at org.testng.internal.invokers.TestInvoker.invokeTestMethod(TestInvoker.java:221)
	at org.testng.internal.invokers.MethodRunner.runInSequence(MethodRunner.java:50)
	at org.testng.internal.invokers.TestInvoker$MethodInvocationAgent.invoke(TestInvoker.java:969)
	at org.testng.internal.invokers.TestInvoker.invokeTestMethods(TestInvoker.java:194)
	at org.testng.internal.invokers.TestMethodWorker.invokeTestMethods(TestMethodWorker.java:148)
	at org.testng.internal.invokers.TestMethodWorker.run(TestMethodWorker.java:128)
	at java.base/java.util.ArrayList.forEach(ArrayList.java:1541)
	at org.testng.TestRunner.privateRun(TestRunner.java:829)
	at org.testng.TestRunner.run(TestRunner.java:602)
	at org.testng.SuiteRunner.runTest(SuiteRunner.java:437)
	at org.testng.SuiteRunner.runSequentially(SuiteRunner.java:431)
	at org.testng.SuiteRunner.privateRun(SuiteRunner.java:391)
	at org.testng.SuiteRunner.run(SuiteRunner.java:330)
	at org.testng.SuiteRunnerWorker.runSuite(SuiteRunnerWorker.java:52)
	at org.testng.SuiteRunnerWorker.run(SuiteRunnerWorker.java:95)
	at org.testng.TestNG.runSuitesSequentially(TestNG.java:1256)
	at org.testng.TestNG.runSuitesLocally(TestNG.java:1176)
	at org.testng.TestNG.runSuites(TestNG.java:1099)
	at org.testng.TestNG.run(TestNG.java:1067)
	at org.apache.maven.surefire.testng.TestNGExecutor.run(TestNGExecutor.java:324)
	at org.apache.maven.surefire.testng.TestNGXmlTestSuite.execute(TestNGXmlTestSuite.java:74)
	at org.apache.maven.surefire.testng.TestNGProvider.invoke(TestNGProvider.java:123)
	at org.apache.maven.surefire.booter.ForkedBooter.runSuitesInProcess(ForkedBooter.java:456)
	at org.apache.maven.surefire.booter.ForkedBooter.execute(ForkedBooter.java:169)
	at org.apache.maven.surefire.booter.ForkedBooter.run(ForkedBooter.java:595)
	at org.apache.maven.surefire.booter.ForkedBooter.main(ForkedBooter.java:581)
]]></failure>
    <system-out><![CDATA[closing driver
Initializing driver
browser initailization
browser name : chrome
chrome driver instantiation
launching url :https://www.imdb.com/
Loading the properties fileC:\Users\brahm\Desktop\TestVagrant\src\main\java\moviesearch\config\confi.properties
Loading the properties fileC:\Users\brahm\Desktop\TestVagrant\src\main\java\moviesearch\config\confi.properties
URL Name:https://www.imdb.com/
Entering the movie Name :Pushpa: The Rise
Searchin Movie NamePushpa: The Rise
movie list name in the searching page  :Pushpa: The Rise - Part 1
Pushpa: The Rise contained in Pushpa: The Rise - Part 1
Scrolling to Detail Section
original country from imdb page :India
relase date from imdb page :December 17, 2021 (United States)
fetched the origin country Value from imdb :India
fetched the release date from imdb :India
Navigating to url:https://en.wikipedia.org/
searchng movie name in the wiki:Baahubali: The beginning
movie list values Baahubali: The Beginning
release date from the wikipage : 10 July 2015
fetched the release date from wiki :10 July 2015
country from the wikipage : India
fetched the country from wiki :India
release date after convertion into proper format from wiki:2015-07-10
release date after convertion into proper format from imdb:2021-12-17
]]></system-out>
    <system-err><![CDATA[Starting ChromeDriver 109.0.5414.74 (e7c5703604daa9cc128ccf5a5d3e993513758913-refs/branch-heads/5414@{#1172}) on port 10692
Only local connections are allowed.
Please see https://chromedriver.chromium.org/security-considerations for suggestions on keeping ChromeDriver safe.
ChromeDriver was started successfully.
]]></system-err>
  </testcase>
</testsuite>